<?xml version="1.0" encoding="UTF-8"?>
<testsuite name="WriterTests" tests="2" skipped="0" failures="0" errors="0" timestamp="2018-04-23T21:18:39" hostname="DESKTOP-VJSMTNE" time="0.01">
  <properties/>
  <testcase name="checkFileWriter" classname="WriterTests" time="0.005"/>
  <testcase name="checkConsoleWriter" classname="WriterTests" time="0.004"/>
  <system-out><![CDATA[9764316497
]]></system-out>
  <system-err><![CDATA[]]></system-err>
</testsuite>
