<?xml version="1.0" encoding="UTF-8"?>
<testsuite name="org.spbstu.razdorkina.Tests" tests="1" skipped="0" failures="0" errors="0" timestamp="2018-04-23T21:18:39" hostname="DESKTOP-VJSMTNE" time="0.034">
  <properties/>
  <testcase name="checkArgsParser" classname="org.spbstu.razdorkina.Tests" time="0.034"/>
  <system-out><![CDATA[]]></system-out>
  <system-err><![CDATA[]]></system-err>
</testsuite>
